ADD: @marc created a new record: Book (ID=PNL1), title "gnsngfs" /$/ 2023-09-09 00:55:53,818
Record created: [{"model": "artax.book", "pk": 11, "fields": {"lib_id": "PNL1", "author": 3, "title": "gnsngfs", "subject": "", "type": 4, "section": "rb", "location": 2, "publisher": "دار النشر", "publishing_date": "", "purchase_date": null, "summary": "", "cover": "", "isbn": "", "number_of_copies": "1", "language": 2, "date_of_registration": "2023-09-09T00:55:53.812", "registrator": 1, "last_editor": 1, "last_edit_time": "2023-09-09T00:55:53.812"}}] /$/ 2023-09-09 00:55:53,879
EDT: @marc altered record: Book (ID=LOC1), title "j=ibj==nv=f" /$/ 2023-09-10 10:20:07,250
New version: [{"model": "artax.book", "pk": 10, "fields": {"lib_id": "LOC1", "author": 1, "title": "j=ibj==nv=f", "subject": "", "type": 7, "section": "", "location": 2, "publisher": "Dar El Nasher", "publishing_date": "", "purchase_date": null, "summary": "", "cover": "", "isbn": "", "number_of_copies": "1", "language": 3, "date_of_registration": "2023-09-07", "registrator": 1, "last_editor": 1, "last_edit_time": "2023-09-10T10:20:07.205"}}] /$/ 2023-09-10 10:20:07,251
EDT: @marc altered record: Book (ID=LOC1), title "j=ibj==nv=f" /$/ 2023-09-10 10:20:14,151
New version: [{"model": "artax.book", "pk": 10, "fields": {"lib_id": "LOC1", "author": 2, "title": "j=ibj==nv=f", "subject": "", "type": 7, "section": "", "location": 2, "publisher": "Dar El Nasher", "publishing_date": "", "purchase_date": null, "summary": "", "cover": "", "isbn": "", "number_of_copies": "1", "language": 3, "date_of_registration": "2023-09-07", "registrator": 1, "last_editor": 1, "last_edit_time": "2023-09-10T10:20:14.146"}}] /$/ 2023-09-10 10:20:14,152
EDT: @marc altered record: Book (ID=LOC1), title "j=ibj==nv=f" /$/ 2023-09-10 10:20:41,710
New version: [{"model": "artax.book", "pk": 10, "fields": {"lib_id": "LOC1", "author": 2, "title": "j=ibj==nv=f", "subject": "", "type": 7, "section": "", "location": 2, "publisher": "Dar El Nasher", "publishing_date": "", "purchase_date": null, "summary": "", "cover": "", "isbn": "", "number_of_copies": "1", "language": 3, "date_of_registration": "2023-09-07", "registrator": 1, "last_editor": 1, "last_edit_time": "2023-09-10T10:20:41.703"}}] /$/ 2023-09-10 10:20:41,711
EDT: @marc altered record: Book (ID=LOC1), title "j=ibj==nv=f" /$/ 2023-09-10 10:29:21,780
New version: [{"model": "artax.book", "pk": 10, "fields": {"lib_id": "LOC1", "author": 2, "title": "j=ibj==nv=f", "subject": "", "type": 7, "section": "", "location": 2, "publisher": "Dar El Nasher", "publishing_date": "", "purchase_date": null, "summary": "", "cover": "", "isbn": "", "number_of_copies": "1", "language": 3, "date_of_registration": "2023-09-07", "registrator": 1, "last_editor": 1, "last_edit_time": "2023-09-10T10:29:21.774"}}] /$/ 2023-09-10 10:29:21,782
ADD: @marc created a new record: Book (ID=PNL1), title "gnsngfs" /$/ 2023-09-09 00:55:53,818
Record created: [{"model": "artax.book", "pk": 11, "fields": {"lib_id": "PNL1", "author": 3, "title": "gnsngfs", "subject": "", "type": 4, "section": "rb", "location": 2, "publisher": "دار النشر", "publishing_date": "", "purchase_date": null, "summary": "", "cover": "", "isbn": "", "number_of_copies": "1", "language": 2, "date_of_registration": "2023-09-09T00:55:53.812", "registrator": 1, "last_editor": 1, "last_edit_time": "2023-09-09T00:55:53.812"}}] /$/ 2023-09-09 00:55:53,879
EDT: @marc altered record: Book (ID=LOC1), title "j=ibj==nv=f" /$/ 2023-09-10 10:20:07,250
New version: [{"model": "artax.book", "pk": 10, "fields": {"lib_id": "LOC1", "author": 1, "title": "j=ibj==nv=f", "subject": "", "type": 7, "section": "", "location": 2, "publisher": "Dar El Nasher", "publishing_date": "", "purchase_date": null, "summary": "", "cover": "", "isbn": "", "number_of_copies": "1", "language": 3, "date_of_registration": "2023-09-07", "registrator": 1, "last_editor": 1, "last_edit_time": "2023-09-10T10:20:07.205"}}] /$/ 2023-09-10 10:20:07,251
ADD: @marc created a new record: Book (ID=PNL1), title "gnsngfs" /$/ 2023-09-09 00:55:53,818
Record created: [{"model": "artax.book", "pk": 11, "fields": {"lib_id": "PNL1", "author": 3, "title": "gnsngfs", "subject": "", "type": 4, "section": "rb", "location": 2, "publisher": "دار النشر", "publishing_date": "", "purchase_date": null, "summary": "", "cover": "", "isbn": "", "number_of_copies": "1", "language": 2, "date_of_registration": "2023-09-09T00:55:53.812", "registrator": 1, "last_editor": 1, "last_edit_time": "2023-09-09T00:55:53.812"}}] /$/ 2023-09-09 00:55:53,879
EDT: @marc altered record: Book (ID=LOC1), title "j=ibj==nv=f" /$/ 2023-09-10 10:20:07,250
New version: [{"model": "artax.book", "pk": 10, "fields": {"lib_id": "LOC1", "author": 1, "title": "j=ibj==nv=f", "subject": "", "type": 7, "section": "", "location": 2, "publisher": "Dar El Nasher", "publishing_date": "", "purchase_date": null, "summary": "", "cover": "", "isbn": "", "number_of_copies": "1", "language": 3, "date_of_registration": "2023-09-07", "registrator": 1, "last_editor": 1, "last_edit_time": "2023-09-10T10:20:07.205"}}] /$/ 2023-09-10 10:20:07,251
EDT: @marc altered record: Book (ID=LOC1), title "j=ibj==nv=f" /$/ 2023-09-10 10:20:14,151
New version: [{"model": "artax.book", "pk": 10, "fields": {"lib_id": "LOC1", "author": 2, "title": "j=ibj==nv=f", "subject": "", "type": 7, "section": "", "location": 2, "publisher": "Dar El Nasher", "publishing_date": "", "purchase_date": null, "summary": "", "cover": "", "isbn": "", "number_of_copies": "1", "language": 3, "date_of_registration": "2023-09-07", "registrator": 1, "last_editor": 1, "last_edit_time": "2023-09-10T10:20:14.146"}}] /$/ 2023-09-10 10:20:14,152
EDT: @marc altered record: Book (ID=LOC1), title "j=ibj==nv=f" /$/ 2023-09-10 10:20:41,710
New version: [{"model": "artax.book", "pk": 10, "fields": {"lib_id": "LOC1", "author": 2, "title": "j=ibj==nv=f", "subject": "", "type": 7, "section": "", "location": 2, "publisher": "Dar El Nasher", "publishing_date": "", "purchase_date": null, "summary": "", "cover": "", "isbn": "", "number_of_copies": "1", "language": 3, "date_of_registration": "2023-09-07", "registrator": 1, "last_editor": 1, "last_edit_time": "2023-09-10T10:20:41.703"}}] /$/ 2023-09-10 10:20:41,711
EDT: @marc altered record: Book (ID=LOC1), title "j=ibj==nv=f" /$/ 2023-09-10 10:29:21,780
New version: [{"model": "artax.book", "pk": 10, "fields": {"lib_id": "LOC1", "author": 2, "title": "j=ibj==nv=f", "subject": "", "type": 7, "section": "", "location": 2, "publisher": "Dar El Nasher", "publishing_date": "", "purchase_date": null, "summary": "", "cover": "", "isbn": "", "number_of_copies": "1", "language": 3, "date_of_registration": "2023-09-07", "registrator": 1, "last_editor": 1, "last_edit_time": "2023-09-10T10:29:21.774"}}] /$/ 2023-09-10 10:29:21,782
DLT: @marc deleted record: Book (ID=PNL1), title "None". /$/ 2023-09-11 09:47:19,522
DLT: @marc deleted record: Book (ID=LOC1), title "j=ibj==nv=f". /$/ 2023-09-11 09:47:55,418
